cl : Command line warning D9002: ignoring unknown option '-std=gnu++0x'
  zip_close.c
c:\users\ethan\documents\github\openglad\src\external\libzip\getopt.h(59): warning C4081: expected 'newline'; found ';'
c:\users\ethan\documents\github\openglad\src\external\libzip\zip_close.c(544): warning C4244: 'function': conversion from 'zip_int64_t' to 'off_t', possible loss of data
c:\users\ethan\documents\github\openglad\src\external\libzip\zip_close.c(652): warning C4013: 'strcasecmp' undefined; assuming extern returning int
  zip_name_locate.c
c:\users\ethan\documents\github\openglad\src\external\libzip\zip_name_locate.c(68): error C2065: 'strcasecmp': undeclared identifier
c:\users\ethan\documents\github\openglad\src\external\libzip\zip_name_locate.c(68): warning C4047: ':': 'int' differs in levels of indirection from 'int (__cdecl *)(const char *,const char *)'
  zip_open.c
c:\users\ethan\documents\github\openglad\src\external\libzip\zip_open.c(85): warning C4996: 'fopen': This function or variable may be unsafe. Consider using fopen_s instead. To disable deprecation, use _CRT_SECURE_NO_WARNINGS. See online help for details.
  c:\program files (x86)\windows kits\10\include\10.0.14393.0\ucrt\stdio.h(207): note: see declaration of 'fopen'
c:\users\ethan\documents\github\openglad\src\external\libzip\zip_open.c(95): warning C4996: 'fopen': This function or variable may be unsafe. Consider using fopen_s instead. To disable deprecation, use _CRT_SECURE_NO_WARNINGS. See online help for details.
  c:\program files (x86)\windows kits\10\include\10.0.14393.0\ucrt\stdio.h(207): note: see declaration of 'fopen'
c:\users\ethan\documents\github\openglad\src\external\libzip\zip_open.c(110): warning C4996: 'strdup': The POSIX name for this item is deprecated. Instead, use the ISO C and C++ conformant name: _strdup. See online help for details.
  c:\program files (x86)\windows kits\10\include\10.0.14393.0\ucrt\string.h(530): note: see declaration of 'strdup'
c:\users\ethan\documents\github\openglad\src\external\libzip\zip_open.c(447): warning C4996: 'strdup': The POSIX name for this item is deprecated. Instead, use the ISO C and C++ conformant name: _strdup. See online help for details.
  c:\program files (x86)\windows kits\10\include\10.0.14393.0\ucrt\string.h(530): note: see declaration of 'strdup'
c:\users\ethan\documents\github\openglad\src\external\libzip\zip_open.c(671): error C2065: 'ssize_t': undeclared identifier
c:\users\ethan\documents\github\openglad\src\external\libzip\zip_open.c(671): error C2064: term does not evaluate to a function taking 337 arguments
c:\users\ethan\documents\github\openglad\src\external\libzip\zip_open.c(671): error C2143: syntax error: missing ')' before ';'
c:\users\ethan\documents\github\openglad\src\external\libzip\zip_open.c(673): error C2181: illegal else without matching if
c:\users\ethan\documents\github\openglad\src\external\libzip\zip_open.c(693): error C2059: syntax error: 'if'
c:\users\ethan\documents\github\openglad\src\external\libzip\zip_open.c(697): error C2143: syntax error: missing '{' before '+='
c:\users\ethan\documents\github\openglad\src\external\libzip\zip_open.c(697): error C2059: syntax error: '+='
c:\users\ethan\documents\github\openglad\src\external\libzip\zip_open.c(699): error C2065: 'cdp': undeclared identifier
c:\users\ethan\documents\github\openglad\src\external\libzip\zip_open.c(699): warning C4047: 'function': 'const zip_uint8_t **' differs in levels of indirection from 'int *'
c:\users\ethan\documents\github\openglad\src\external\libzip\zip_open.c(699): warning C4024: '_zip_read8': different types for formal and actual parameter 1
c:\users\ethan\documents\github\openglad\src\external\libzip\zip_open.c(699): error C2099: initializer is not a constant
c:\users\ethan\documents\github\openglad\src\external\libzip\zip_open.c(701): error C2059: syntax error: 'if'
c:\users\ethan\documents\github\openglad\src\external\libzip\zip_open.c(706): error C2143: syntax error: missing '{' before '+='
c:\users\ethan\documents\github\openglad\src\external\libzip\zip_open.c(706): error C2059: syntax error: '+='
c:\users\ethan\documents\github\openglad\src\external\libzip\zip_open.c(707): error C2143: syntax error: missing '{' before '+='
c:\users\ethan\documents\github\openglad\src\external\libzip\zip_open.c(707): error C2059: syntax error: '+='
c:\users\ethan\documents\github\openglad\src\external\libzip\zip_open.c(709): error C2065: 'cdp': undeclared identifier
c:\users\ethan\documents\github\openglad\src\external\libzip\zip_open.c(709): warning C4047: 'function': 'const zip_uint8_t **' differs in levels of indirection from 'int *'
c:\users\ethan\documents\github\openglad\src\external\libzip\zip_open.c(709): warning C4024: '_zip_read8': different types for formal and actual parameter 1
c:\users\ethan\documents\github\openglad\src\external\libzip\zip_open.c(709): error C2099: initializer is not a constant
c:\users\ethan\documents\github\openglad\src\external\libzip\zip_open.c(710): error C2065: 'cdp': undeclared identifier
c:\users\ethan\documents\github\openglad\src\external\libzip\zip_open.c(710): warning C4047: 'function': 'const zip_uint8_t **' differs in levels of indirection from 'int *'
c:\users\ethan\documents\github\openglad\src\external\libzip\zip_open.c(710): warning C4024: '_zip_read8': different types for formal and actual parameter 1
c:\users\ethan\documents\github\openglad\src\external\libzip\zip_open.c(710): error C2099: initializer is not a constant
c:\users\ethan\documents\github\openglad\src\external\libzip\zip_open.c(712): error C2059: syntax error: 'if'
c:\users\ethan\documents\github\openglad\src\external\libzip\zip_open.c(717): error C2374: 'size': redefinition; multiple initialization
  c:\users\ethan\documents\github\openglad\src\external\libzip\zip_open.c(699): note: see declaration of 'size'
c:\users\ethan\documents\github\openglad\src\external\libzip\zip_open.c(717): error C2065: 'cdp': undeclared identifier
c:\users\ethan\documents\github\openglad\src\external\libzip\zip_open.c(717): warning C4047: 'function': 'const zip_uint8_t **' differs in levels of indirection from 'int *'
c:\users\ethan\documents\github\openglad\src\external\libzip\zip_open.c(717): warning C4024: '_zip_read8': different types for formal and actual parameter 1
c:\users\ethan\documents\github\openglad\src\external\libzip\zip_open.c(717): error C2099: initializer is not a constant
c:\users\ethan\documents\github\openglad\src\external\libzip\zip_open.c(718): error C2065: 'cdp': undeclared identifier
c:\users\ethan\documents\github\openglad\src\external\libzip\zip_open.c(718): warning C4047: 'function': 'const zip_uint8_t **' differs in levels of indirection from 'int *'
c:\users\ethan\documents\github\openglad\src\external\libzip\zip_open.c(718): warning C4024: '_zip_read8': different types for formal and actual parameter 1
c:\users\ethan\documents\github\openglad\src\external\libzip\zip_open.c(718): error C2099: initializer is not a constant
c:\users\ethan\documents\github\openglad\src\external\libzip\zip_open.c(720): error C2059: syntax error: 'if'
c:\users\ethan\documents\github\openglad\src\external\libzip\zip_open.c(724): error C2059: syntax error: 'if'
c:\users\ethan\documents\github\openglad\src\external\libzip\zip_open.c(729): error C2059: syntax error: 'if'
c:\users\ethan\documents\github\openglad\src\external\libzip\zip_open.c(733): error C2143: syntax error: missing '{' before '->'
c:\users\ethan\documents\github\openglad\src\external\libzip\zip_open.c(733): error C2059: syntax error: '->'
c:\users\ethan\documents\github\openglad\src\external\libzip\zip_open.c(734): error C2143: syntax error: missing '{' before '->'
c:\users\ethan\documents\github\openglad\src\external\libzip\zip_open.c(734): error C2059: syntax error: '->'
c:\users\ethan\documents\github\openglad\src\external\libzip\zip_open.c(736): error C2059: syntax error: 'return'
c:\users\ethan\documents\github\openglad\src\external\libzip\zip_open.c(737): error C2059: syntax error: '}'
  savepng.c
c:\users\ethan\documents\github\openglad\util\png.h(434): fatal error C1083: Cannot open include file: 'pnglibconf.h': No such file or directory
  Generating Code...
